2024-04-09 13:00:19.824 - DBeaver 24.0.1.202403241413 is starting
2024-04-09 13:00:19.824 - OS: Windows 11 10.0 (amd64)
2024-04-09 13:00:19.825 - Java version: 17.0.6 by Eclipse Adoptium (64bit)
2024-04-09 13:00:19.825 - Install path: 'C:\web_1300_mdj\dbms\resourse\dbeaver'
2024-04-09 13:00:19.825 - Instance path: 'file:/C:/web_1300_mdj/dbms/workspace/'
2024-04-09 13:00:19.826 - Memory available 64Mb/1024Mb
2024-04-09 13:00:19.832 - Create display
2024-04-09 13:00:19.923 - Initialize desktop platform...
2024-04-09 13:00:20.037 - BounceCastle bundle found. Use JCE provider BC
> Start Core File Systems [org.eclipse.core.filesystem 1.10.200.v20231102-0934]
> Start Core Resource Management [org.eclipse.core.resources 3.20.0.v20231102-0934]
> Start 팀 지원 핵심 [org.eclipse.team.core 3.10.200.v20231106-1240]
> Start DBeaver UI Navigator [org.jkiss.dbeaver.ui.navigator 1.0.127.202403241413]
2024-04-09 13:00:20.207 - Initialize base platform...
2024-04-09 13:00:20.226 - Platform initialized (303ms)
> Start DBeaver UI Editors - Base [org.jkiss.dbeaver.ui.editors.base 1.0.127.202403241413]
2024-04-09 13:00:20.262 - Starting instance server at http://localhost:52800
2024-04-09 13:00:20.267 - Run workbench
> Start Eclipse e4 작업영역 SWT [org.eclipse.e4.ui.workbench.swt 0.17.200.v20231030-2045]
> Start Eclipse Application Services [org.eclipse.e4.core.services 2.4.200.v20231103-2012]
> Start Eclipse UI Application Services [org.eclipse.e4.ui.services 1.6.200.v20231030-2045]
> Start Eclipse e4 Progress View [org.eclipse.e4.ui.progress 0.4.200.v20231030-2045]
> Start Eclipse Bindings Support [org.eclipse.e4.ui.bindings 0.14.200.v20231030-2045]
> Start Eclipse e4 core commands [org.eclipse.e4.core.commands 1.1.200.v20231108-1058]
> Start EMF XML/XMI Persistence [org.eclipse.emf.ecore.xmi 2.36.0.v20231002-1156]
> Start Eclipse CSS SWT Theme Support [org.eclipse.e4.ui.css.swt.theme 0.14.200.v20230913-1724]
> Start Eclipse e4 작업영역 기능 추가 [org.eclipse.e4.ui.workbench.addons.swt 1.5.200.v20231106-1600]
> Start Eclipse e4 작업영역 SWT 렌더러 [org.eclipse.e4.ui.workbench.renderers.swt 0.16.200.v20231030-2045]
> Start Eclipse Dependency Injection Extensions [org.eclipse.e4.core.di.extensions 0.18.100.v20231103-2012]
> Start Eclipse CSS SWT Support [org.eclipse.e4.ui.css.swt 0.15.200.v20231025-0632]
> Start jna [com.sun.jna 5.13.0.v20230812-1000]
2024-04-09 13:00:21.533 - Configure workbench window
> Start DBeaver SQL Model [org.jkiss.dbeaver.model.sql 1.0.117.202403241413]
2024-04-09 13:00:21.662 - Total database drivers: 112 (112)
> Start 도움말 시스템 코어 [org.eclipse.help 3.10.200.v20231106-1240]
2024-04-09 13:00:21.725 - Create actions
2024-04-09 13:00:21.732 - Disable Eclipse action set 'org.eclipse.ui.edit.text.actionSet.annotationNavigation'
2024-04-09 13:00:21.732 - Disable Eclipse action set 'org.eclipse.ui.WorkingSetActionSet'
2024-04-09 13:00:21.732 - Disable Eclipse action set 'org.eclipse.ui.actionSet.openFiles'
2024-04-09 13:00:22.014 - Initialize workbench window
2024-04-09 13:00:22.017 - Finish initialization
> Start 기본 문서 편집기 [org.eclipse.ui.editors 3.17.100.v20231106-1600]
> Start 텍스트 편집기 프레임워크 [org.eclipse.ui.workbench.texteditor 3.17.200.v20231106-1600]
> Start DBeaver UI Editors - Data [org.jkiss.dbeaver.ui.editors.data 1.0.127.202403241413]
Warning: NLS unused message: actions_navigator__objects in: org.jkiss.dbeaver.ui.editors.sql.internal.SQLEditorMessages
> Start DBeaver UI Editors - SQL [org.jkiss.dbeaver.ui.editors.sql 1.0.127.202403241413]
> Start DBeaver SQL Terminal [org.jkiss.dbeaver.ui.editors.sql.terminal 1.0.103.202403241413]
> Start 핵심 비교 지원 [org.eclipse.compare.core 3.8.300.v20231106-1240]
> Start 인터넷 연결 관리 사용자 인터페이스 [org.eclipse.ui.net 1.5.200.v20231106-1240]
> Start Internet Connection Management [org.eclipse.core.net 1.5.200.v20231106-1240]
> Start DBeaver Sample Database [org.jkiss.dbeaver.ext.sample.database 1.0.164.202403241413]
> Start DBeaver Tip of the day [org.jkiss.dbeaver.ext.ui.tipoftheday 1.0.133.202403241413]
> Start GEF Classic Draw2d [org.eclipse.draw2d 3.14.100.202311222042]
> Start GEF Classic GEF (MVC) [org.eclipse.gef 3.16.0.202311222042]
> Start DBeaver ERD UI [org.jkiss.dbeaver.erd.ui 3.0.87.202403241413]
> Start DBeaver ERD Model [org.jkiss.dbeaver.erd.model 1.0.87.202403241413]
> Start DBeaver UI Editors - Connections [org.jkiss.dbeaver.ui.editors.connection 1.0.118.202403241413]
> Start 콘솔 [org.eclipse.ui.console 3.13.100.v20230914-0751]
> Start 디버그 핵심 [org.eclipse.debug.core 3.21.200.v20231021-1513]
2024-04-09 13:00:24.020 - Connect with '192.168.12.243' (oracle_thin-18ebc785a39-316415392583ad29)
> Start DBeaver JDBC Model [org.jkiss.dbeaver.model.jdbc 1.0.20.202403241413]
> Start DBeaver Oracle Model [org.jkiss.dbeaver.ext.oracle 2.1.212.202403241413]
2024-04-09 13:00:24.053 - Execution context opened (192.168.12.243; Main; 0)
> Start DBeaver SQL Language Semantic Model [org.jkiss.dbeaver.model.lsm 1.0.22.202403241413]
2024-04-09 13:00:24.325 - Execution context opened (192.168.12.243; Metadata; 1)
2024-04-09 13:00:24.424 - Connected (oracle_thin-18ebc785a39-316415392583ad29, Oracle JDBC driver [11.2.0.2.0])
2024-04-09 13:00:24.459 - Execution context opened (192.168.12.243; SQLEditor <Script.sql>; 2)
> Start DBeaver Tasks - Native Tools UI [org.jkiss.dbeaver.tasks.native.ui 1.0.105.202403241413]
> Start DBeaver Oracle UI [org.jkiss.dbeaver.ext.oracle.ui 1.0.114.202403241413]
> Start DBeaver Tasks - General UI [org.jkiss.dbeaver.tasks.ui 1.0.105.202403241413]
2024-04-09 13:00:26.079 - Open [https://dbeaver.io/product/version.xml]
Warning: NLS unused message: FileDescription_NewFileProgress in: org.eclipse.ui.internal.ide.undo.messages
Warning: NLS unused message: FileDescription_ContentsCouldNotBeRestored in: org.eclipse.ui.internal.ide.undo.messages
Warning: NLS unused message: FolderDescription_NewFolderProgress in: org.eclipse.ui.internal.ide.undo.messages
Warning: NLS unused message: FolderDescription_SavingUndoInfoProgress in: org.eclipse.ui.internal.ide.undo.messages
2024-04-09 13:00:55.597 - Execution context closed (192.168.12.243, 2)
2024-04-09 13:04:41.099 - No active connection. Action is in disabled state.
2024-04-09 13:04:42.372 - No active connection. Action is in disabled state.
2024-04-09 13:04:52.427 - Auth model 'native' was replaced by 'oracle_native'
2024-04-09 13:04:52.444 - Service 'org.jkiss.dbeaver.runtime.ui.UIServiceSecurity' not found
> Start Data Transfer UI [org.jkiss.dbeaver.data.transfer.ui 1.0.111.202403241413]
2024-04-09 13:05:09.537 - Service 'org.jkiss.dbeaver.runtime.ui.UIServiceSecurity' not found
2024-04-09 13:05:19.580 - No active connection. Action is in disabled state.
2024-04-09 13:05:27.358 - Connect with 'localhost' (oracle_thin-18ec107b803-658f59d295893f20)
2024-04-09 13:05:27.359 - Execution context opened (localhost; Main; 3)
2024-04-09 13:05:27.381 - Execution context opened (localhost; Metadata; 4)
2024-04-09 13:05:27.395 - Connected (oracle_thin-18ec107b803-658f59d295893f20, Oracle JDBC driver [11.2.0.2.0])
2024-04-09 13:05:27.467 - Execution context opened (localhost; SQLEditor <Script.sql>; 5)
2024-04-09 13:12:05.340 - Can't parse numeric value [public static void main(String[] args) {
      String msg = "\n 메모 콘솔 프로그램\n" +
                "1. 새 메모 작성\n" +
                "2. 메모 열기\n" +
                "3. 메모 저장\n" +
                "4. 종료\n" +
                "메뉴를 선택하세요: ";
      
      System.out.print(msg);
   }
   
   private static void newMemo() {
      //새메모 내용 입력
      //IOException
   }
   
   private static void openMemo() {
      //열고싶은 메모의 파일명 입력
      //파일이 존재하지 않거나 읽을 수 없을 때 예외처리
      
   }
   
   private static void saveMemo() {
      //저장할 파일명
      //저장할 메모가 없을 때 예외처리
   }
] using formatter: Character array is missing "e" notation exponential mark.
2024-04-09 13:12:05.341 - Can't parse numeric value [public static void main(String[] args) {
      String msg = "\n 메모 콘솔 프로그램\n" +
                "1. 새 메모 작성\n" +
                "2. 메모 열기\n" +
                "3. 메모 저장\n" +
                "4. 종료\n" +
                "메뉴를 선택하세요: ";
      
      System.out.print(msg);
   }
   
   private static void newMemo() {
      //새메모 내용 입력
      //IOException
   }
   
   private static void openMemo() {
      //열고싶은 메모의 파일명 입력
      //파일이 존재하지 않거나 읽을 수 없을 때 예외처리
      
   }
   
   private static void saveMemo() {
      //저장할 파일명
      //저장할 메모가 없을 때 예외처리
   }
] using formatter: Character array is missing "e" notation exponential mark.
2024-04-09 13:12:05.357 - Can't parse numeric value [public static void main(String[] args) {
      String msg = "\n 메모 콘솔 프로그램\n" +
                "1. 새 메모 작성\n" +
                "2. 메모 열기\n" +
                "3. 메모 저장\n" +
                "4. 종료\n" +
                "메뉴를 선택하세요: ";
      
      System.out.print(msg);
   }
   
   private static void newMemo() {
      //새메모 내용 입력
      //IOException
   }
   
   private static void openMemo() {
      //열고싶은 메모의 파일명 입력
      //파일이 존재하지 않거나 읽을 수 없을 때 예외처리
      
   }
   
   private static void saveMemo() {
      //저장할 파일명
      //저장할 메모가 없을 때 예외처리
   }
] using formatter: Character array is missing "e" notation exponential mark.
2024-04-09 13:12:05.371 - Can't parse numeric value [public static void main(String[] args) {
      String msg = "\n 메모 콘솔 프로그램\n" +
                "1. 새 메모 작성\n" +
                "2. 메모 열기\n" +
                "3. 메모 저장\n" +
                "4. 종료\n" +
                "메뉴를 선택하세요: ";
      
      System.out.print(msg);
   }
   
   private static void newMemo() {
      //새메모 내용 입력
      //IOException
   }
   
   private static void openMemo() {
      //열고싶은 메모의 파일명 입력
      //파일이 존재하지 않거나 읽을 수 없을 때 예외처리
      
   }
   
   private static void saveMemo() {
      //저장할 파일명
      //저장할 메모가 없을 때 예외처리
   }
] using formatter: Character array is missing "e" notation exponential mark.
2024-04-09 13:12:05.384 - Can't parse numeric value [public static void main(String[] args) {
      String msg = "\n 메모 콘솔 프로그램\n" +
                "1. 새 메모 작성\n" +
                "2. 메모 열기\n" +
                "3. 메모 저장\n" +
                "4. 종료\n" +
                "메뉴를 선택하세요: ";
      
      System.out.print(msg);
   }
   
   private static void newMemo() {
      //새메모 내용 입력
      //IOException
   }
   
   private static void openMemo() {
      //열고싶은 메모의 파일명 입력
      //파일이 존재하지 않거나 읽을 수 없을 때 예외처리
      
   }
   
   private static void saveMemo() {
      //저장할 파일명
      //저장할 메모가 없을 때 예외처리
   }
] using formatter: Character array is missing "e" notation exponential mark.
2024-04-09 13:45:51.672 - Execution context closed (localhost, 5)
2024-04-09 13:45:51.875 - DBeaver is stopping
2024-04-09 13:45:51.876 - Stop instance server
2024-04-09 13:45:52.880 - Instance server has been stopped
2024-04-09 13:45:52.880 - DBeaver shutdown completed
